<?xml version="1.0" encoding="UTF-8"?>
<!-- Generated by org.testng.reporters.JUnitXMLReporter -->
<testsuite ignored="0" hostname="Prasath17" failures="0" tests="4" name="Default test" time="10.72" errors="0" timestamp="2023-07-19T17:31:11 IST">
  <testcase classname="api.TestCase.UserTest2" name="testpostuser" time="3.887"/>
  <testcase classname="api.TestCase.UserTest2" name="testGetUserByName" time="1.488"/>
  <testcase classname="api.TestCase.UserTest2" name="updateusername" time="2.815"/>
  <testcase classname="api.TestCase.UserTest2" name="testdeleteUserByName" time="1.358"/>
</testsuite> <!-- Default test -->
