<?xml version="1.0" encoding="UTF-8"?>
<!-- Generated by org.testng.reporters.JUnitXMLReporter -->
<testsuite ignored="0" hostname="Prasath17" failures="0" tests="3" name="Data Driven Test" time="8.803" errors="0" timestamp="2023-07-19T08:58:32 IST">
  <testcase classname="api.TestCase.DDT_Test1" name="testpostuser" time="4.02"/>
  <testcase classname="api.TestCase.DDT_Test1" name="testpostuser" time="1.358"/>
  <testcase classname="api.TestCase.DDT_Test1" name="testpostuser" time="1.559"/>
</testsuite> <!-- Data Driven Test -->
