<?xml version="1.0" encoding="UTF-8"?>
<!-- Generated by org.testng.reporters.JUnitXMLReporter -->
<testsuite ignored="0" hostname="Prasath17" failures="0" tests="3" name="Test Excel file DDT" time="9.194" errors="0" timestamp="2023-07-19T17:07:37 IST">
  <testcase classname="api.TestCase.DDT_Test1" name="testpostuser" time="4.764"/>
  <testcase classname="api.TestCase.DDT_Test1" name="testpostuser" time="1.388"/>
  <testcase classname="api.TestCase.DDT_Test1" name="testpostuser" time="1.542"/>
</testsuite> <!-- Test Excel file DDT -->
