<?xml version="1.0" encoding="UTF-8"?>
<!-- Generated by org.testng.reporters.JUnitXMLReporter -->
<testsuite ignored="0" hostname="Prasath17" failures="0" tests="4" name="Test through PropertyFile" time="7.556" errors="0" timestamp="2023-07-19T17:07:45 IST">
  <testcase classname="api.TestCase.UserTest2" name="testpostuser" time="1.623"/>
  <testcase classname="api.TestCase.UserTest2" name="testGetUserByName" time="1.425"/>
  <testcase classname="api.TestCase.UserTest2" name="updateusername" time="2.833"/>
  <testcase classname="api.TestCase.UserTest2" name="testdeleteUserByName" time="1.399"/>
</testsuite> <!-- Test through PropertyFile -->
