<?xml version="1.0" encoding="UTF-8"?>
<testng-results ignored="0" total="4" passed="4" failed="0" skipped="0">
  <reporter-output>
  </reporter-output>
  <suite started-at="2023-07-19T17:31:00 IST" name="Default suite" finished-at="2023-07-19T17:31:11 IST" duration-ms="10720">
    <groups>
    </groups>
    <test started-at="2023-07-19T17:31:00 IST" name="Default test" finished-at="2023-07-19T17:31:11 IST" duration-ms="10720">
      <class name="api.TestCase.UserTest2">
        <test-method is-config="true" signature="setupdata()[pri:0, instance:api.TestCase.UserTest2@619713e5]" started-at="2023-07-19T17:31:00 IST" name="setupdata" finished-at="2023-07-19T17:31:01 IST" duration-ms="1101" status="PASS">
          <reporter-output>
          </reporter-output>
        </test-method> <!-- setupdata -->
        <test-method signature="testpostuser()[pri:1, instance:api.TestCase.UserTest2@619713e5]" started-at="2023-07-19T17:31:01 IST" name="testpostuser" finished-at="2023-07-19T17:31:05 IST" duration-ms="3887" status="PASS">
          <reporter-output>
          </reporter-output>
        </test-method> <!-- testpostuser -->
        <test-method signature="testGetUserByName()[pri:2, instance:api.TestCase.UserTest2@619713e5]" started-at="2023-07-19T17:31:05 IST" name="testGetUserByName" finished-at="2023-07-19T17:31:07 IST" duration-ms="1488" status="PASS">
          <reporter-output>
          </reporter-output>
        </test-method> <!-- testGetUserByName -->
        <test-method signature="updateusername()[pri:3, instance:api.TestCase.UserTest2@619713e5]" started-at="2023-07-19T17:31:07 IST" name="updateusername" finished-at="2023-07-19T17:31:09 IST" duration-ms="2815" status="PASS">
          <reporter-output>
          </reporter-output>
        </test-method> <!-- updateusername -->
        <test-method signature="testdeleteUserByName()[pri:4, instance:api.TestCase.UserTest2@619713e5]" started-at="2023-07-19T17:31:09 IST" name="testdeleteUserByName" finished-at="2023-07-19T17:31:11 IST" duration-ms="1358" status="PASS">
          <reporter-output>
          </reporter-output>
        </test-method> <!-- testdeleteUserByName -->
      </class> <!-- api.TestCase.UserTest2 -->
    </test> <!-- Default test -->
  </suite> <!-- Default suite -->
</testng-results>
