<?xml version="1.0" encoding="UTF-8"?>
<!-- Generated by org.testng.reporters.JUnitXMLReporter -->
<testsuite ignored="0" hostname="Prasath17" failures="0" tests="3" name="Test Excel file DDT" time="8.149" errors="0" timestamp="2023-07-19T16:49:14 IST">
  <testcase classname="api.TestCase.DDT_Test1" name="testpostuser" time="3.718"/>
  <testcase classname="api.TestCase.DDT_Test1" name="testpostuser" time="1.444"/>
  <testcase classname="api.TestCase.DDT_Test1" name="testpostuser" time="1.478"/>
</testsuite> <!-- Test Excel file DDT -->
