<?xml version="1.0" encoding="UTF-8"?>
<!-- Generated by org.testng.reporters.JUnitXMLReporter -->
<testsuite ignored="0" hostname="Prasath17" failures="0" tests="4" name="Test through PropertyFile" time="7.791" errors="0" timestamp="2023-07-19T16:49:22 IST">
  <testcase classname="api.TestCase.UserTest2" name="testpostuser" time="1.61"/>
  <testcase classname="api.TestCase.UserTest2" name="testGetUserByName" time="1.54"/>
  <testcase classname="api.TestCase.UserTest2" name="updateusername" time="2.835"/>
  <testcase classname="api.TestCase.UserTest2" name="testdeleteUserByName" time="1.516"/>
</testsuite> <!-- Test through PropertyFile -->
